2020-09-13 00:59:55.349  INFO 15390 --- [main] c.simple.general.GeneralWebApplication   : Starting GeneralWebApplication on Simples-MacBook-Pro-2.local with PID 15390 (/Users/simple/Documents/general/scc-web/target/classes started by simple in /Users/simple/Documents/general)
2020-09-13 00:59:55.352  INFO 15390 --- [main] c.simple.general.GeneralWebApplication   : The following profiles are active: dev
2020-09-13 00:59:55.388  INFO 15390 --- [main] ationConfigEmbeddedWebApplicationContext : Refreshing org.springframework.boot.context.embedded.AnnotationConfigEmbeddedWebApplicationContext@5be49b60: startup date [Sun Sep 13 00:59:55 CST 2020]; root of context hierarchy
2020-09-13 00:59:56.034  INFO 15390 --- [main] trationDelegate$BeanPostProcessorChecker : Bean 'shiroConfig' of type [com.simple.general.config.ShiroConfig$$EnhancerBySpringCGLIB$$aeca3adb] is not eligible for getting processed by all BeanPostProcessors (for example: not eligible for auto-proxying)
2020-09-13 00:59:56.244  INFO 15390 --- [main] org.mongodb.driver.cluster               : Cluster created with settings {hosts=[127.0.0.1:27017], mode=SINGLE, requiredClusterType=UNKNOWN, serverSelectionTimeout='30000 ms', maxWaitQueueSize=500}
2020-09-13 00:59:56.273  INFO 15390 --- [main] trationDelegate$BeanPostProcessorChecker : Bean 'userDao' of type [com.simple.general.dao.impl.UserDaoImpl] is not eligible for getting processed by all BeanPostProcessors (for example: not eligible for auto-proxying)
2020-09-13 00:59:56.277  INFO 15390 --- [main] trationDelegate$BeanPostProcessorChecker : Bean 'roleDao' of type [com.simple.general.dao.impl.RoleDaoImpl] is not eligible for getting processed by all BeanPostProcessors (for example: not eligible for auto-proxying)
2020-09-13 00:59:56.280  INFO 15390 --- [main] trationDelegate$BeanPostProcessorChecker : Bean 'permissionDao' of type [com.simple.general.dao.impl.PermissionDaoImpl] is not eligible for getting processed by all BeanPostProcessors (for example: not eligible for auto-proxying)
2020-09-13 00:59:56.283  INFO 15390 --- [main] trationDelegate$BeanPostProcessorChecker : Bean 'userService' of type [com.simple.general.service.impl.UserServiceImpl] is not eligible for getting processed by all BeanPostProcessors (for example: not eligible for auto-proxying)
2020-09-13 00:59:56.284  INFO 15390 --- [cluster-ClusterId{value='5f5cfe8cc58574326fc55b1d', description='null'}-127.0.0.1:27017] org.mongodb.driver.connection            : Opened connection [connectionId{localValue:1, serverValue:23}] to 127.0.0.1:27017
2020-09-13 00:59:56.286  INFO 15390 --- [main] trationDelegate$BeanPostProcessorChecker : Bean 'roleService' of type [com.simple.general.service.impl.RoleServiceImpl] is not eligible for getting processed by all BeanPostProcessors (for example: not eligible for auto-proxying)
2020-09-13 00:59:56.287  INFO 15390 --- [cluster-ClusterId{value='5f5cfe8cc58574326fc55b1d', description='null'}-127.0.0.1:27017] org.mongodb.driver.cluster               : Monitor thread successfully connected to server with description ServerDescription{address=127.0.0.1:27017, type=STANDALONE, state=CONNECTED, ok=true, version=ServerVersion{versionList=[4, 2, 3]}, minWireVersion=0, maxWireVersion=8, maxDocumentSize=16777216, logicalSessionTimeoutMinutes=30, roundTripTimeNanos=2143723}
2020-09-13 00:59:56.290  INFO 15390 --- [main] trationDelegate$BeanPostProcessorChecker : Bean 'permissionService' of type [com.simple.general.service.impl.PermissionServiceImpl] is not eligible for getting processed by all BeanPostProcessors (for example: not eligible for auto-proxying)
2020-09-13 00:59:56.290  INFO 15390 --- [main] trationDelegate$BeanPostProcessorChecker : Bean 'myShiroRealm' of type [com.simple.general.shiro.CustomRealm] is not eligible for getting processed by all BeanPostProcessors (for example: not eligible for auto-proxying)
2020-09-13 00:59:56.302  INFO 15390 --- [main] trationDelegate$BeanPostProcessorChecker : Bean 'securityManager' of type [org.apache.shiro.web.mgt.DefaultWebSecurityManager] is not eligible for getting processed by all BeanPostProcessors (for example: not eligible for auto-proxying)
2020-09-13 00:59:56.348  INFO 15390 --- [main] trationDelegate$BeanPostProcessorChecker : Bean 'authorizationAttributeSourceAdvisor' of type [org.apache.shiro.spring.security.interceptor.AuthorizationAttributeSourceAdvisor] is not eligible for getting processed by all BeanPostProcessors (for example: not eligible for auto-proxying)
2020-09-13 00:59:56.878  INFO 15390 --- [main] s.b.c.e.t.TomcatEmbeddedServletContainer : Tomcat initialized with port(s): 12333 (http)
2020-09-13 00:59:56.884  INFO 15390 --- [main] o.apache.catalina.core.StandardService   : Starting service [Tomcat]
2020-09-13 00:59:56.885  INFO 15390 --- [main] org.apache.catalina.core.StandardEngine  : Starting Servlet Engine: Apache Tomcat/8.5.27
2020-09-13 00:59:56.936  INFO 15390 --- [localhost-startStop-1] o.a.c.c.C.[.[.[/cloud/resource]          : Initializing Spring embedded WebApplicationContext
2020-09-13 00:59:56.937  INFO 15390 --- [localhost-startStop-1] o.s.web.context.ContextLoader            : Root WebApplicationContext: initialization completed in 1551 ms
2020-09-13 00:59:57.328  INFO 15390 --- [localhost-startStop-1] o.s.b.w.servlet.ServletRegistrationBean  : Mapping servlet: 'dispatcherServlet' to [/]
2020-09-13 00:59:57.331  INFO 15390 --- [localhost-startStop-1] o.s.b.w.servlet.FilterRegistrationBean   : Mapping filter: 'characterEncodingFilter' to: [/*]
2020-09-13 00:59:57.332  INFO 15390 --- [localhost-startStop-1] o.s.b.w.servlet.FilterRegistrationBean   : Mapping filter: 'hiddenHttpMethodFilter' to: [/*]
2020-09-13 00:59:57.332  INFO 15390 --- [localhost-startStop-1] o.s.b.w.servlet.FilterRegistrationBean   : Mapping filter: 'httpPutFormContentFilter' to: [/*]
2020-09-13 00:59:57.332  INFO 15390 --- [localhost-startStop-1] o.s.b.w.servlet.FilterRegistrationBean   : Mapping filter: 'requestContextFilter' to: [/*]
2020-09-13 00:59:57.332  INFO 15390 --- [localhost-startStop-1] o.s.b.w.servlet.FilterRegistrationBean   : Mapping filter: 'shiroFilterFactoryBean' to: [/*]
2020-09-13 00:59:58.536  INFO 15390 --- [main] s.w.s.m.m.a.RequestMappingHandlerAdapter : Looking for @ControllerAdvice: org.springframework.boot.context.embedded.AnnotationConfigEmbeddedWebApplicationContext@5be49b60: startup date [Sun Sep 13 00:59:55 CST 2020]; root of context hierarchy
2020-09-13 00:59:58.687  INFO 15390 --- [main] s.w.s.m.m.a.RequestMappingHandlerMapping : Mapped "{[/camera/manage],methods=[POST]}" onto public com.simple.general.response.ResponseResult com.simple.general.controller.CameraController.saveCamera(com.simple.general.entity.Camera)
2020-09-13 00:59:58.687  INFO 15390 --- [main] s.w.s.m.m.a.RequestMappingHandlerMapping : Mapped "{[/camera/manage],methods=[PUT]}" onto public com.simple.general.response.ResponseResult com.simple.general.controller.CameraController.updateCamera(com.simple.general.entity.Camera)
2020-09-13 00:59:58.688  INFO 15390 --- [main] s.w.s.m.m.a.RequestMappingHandlerMapping : Mapped "{[/camera/manage/delete],methods=[PUT]}" onto public com.simple.general.response.ResponseResult com.simple.general.controller.CameraController.deleteCamera(com.alibaba.fastjson.JSONObject)
2020-09-13 00:59:58.688  INFO 15390 --- [main] s.w.s.m.m.a.RequestMappingHandlerMapping : Mapped "{[/camera/manage/page],methods=[POST]}" onto public com.simple.general.response.ResponseResult com.simple.general.controller.CameraController.pageListCameras(com.simple.general.query.BaseQuery)
2020-09-13 00:59:58.689  INFO 15390 --- [main] s.w.s.m.m.a.RequestMappingHandlerMapping : Mapped "{[/equipment/manage],methods=[POST]}" onto public com.simple.general.response.ResponseResult com.simple.general.controller.EquipmentController.saveEquipment(com.simple.general.entity.Equipment)
2020-09-13 00:59:58.690  INFO 15390 --- [main] s.w.s.m.m.a.RequestMappingHandlerMapping : Mapped "{[/equipment/manage],methods=[PUT]}" onto public com.simple.general.response.ResponseResult com.simple.general.controller.EquipmentController.updateEquipment(com.simple.general.entity.Equipment)
2020-09-13 00:59:58.691  INFO 15390 --- [main] s.w.s.m.m.a.RequestMappingHandlerMapping : Mapped "{[/equipment/manage/delete],methods=[PUT]}" onto public com.simple.general.response.ResponseResult com.simple.general.controller.EquipmentController.deleteEquipment(com.alibaba.fastjson.JSONObject)
2020-09-13 00:59:58.691  INFO 15390 --- [main] s.w.s.m.m.a.RequestMappingHandlerMapping : Mapped "{[/equipment/manage/page],methods=[POST]}" onto public com.simple.general.response.ResponseResult com.simple.general.controller.EquipmentController.pageListEquipments(com.simple.general.query.BaseQuery)
2020-09-13 00:59:58.692  INFO 15390 --- [main] s.w.s.m.m.a.RequestMappingHandlerMapping : Mapped "{[/image/manage],methods=[POST]}" onto public com.simple.general.response.ResponseResult com.simple.general.controller.ImageInfoController.saveImageInfo(com.simple.general.entity.ImageInfo)
2020-09-13 00:59:58.693  INFO 15390 --- [main] s.w.s.m.m.a.RequestMappingHandlerMapping : Mapped "{[/image/manage],methods=[PUT]}" onto public com.simple.general.response.ResponseResult com.simple.general.controller.ImageInfoController.updateImageInfo(com.simple.general.entity.ImageInfo)
2020-09-13 00:59:58.693  INFO 15390 --- [main] s.w.s.m.m.a.RequestMappingHandlerMapping : Mapped "{[/image/manage/delete],methods=[PUT]}" onto public com.simple.general.response.ResponseResult com.simple.general.controller.ImageInfoController.deleteImageInfo(com.simple.general.query.ImageQuery)
2020-09-13 00:59:58.693  INFO 15390 --- [main] s.w.s.m.m.a.RequestMappingHandlerMapping : Mapped "{[/image/manage/page],methods=[POST]}" onto public com.simple.general.response.ResponseResult com.simple.general.controller.ImageInfoController.pageListRepositories(com.simple.general.query.ImageQuery)
2020-09-13 00:59:58.695  INFO 15390 --- [main] s.w.s.m.m.a.RequestMappingHandlerMapping : Mapped "{[/note/manage],methods=[POST]}" onto public com.simple.general.response.ResponseResult com.simple.general.controller.NoteController.saveNote(com.simple.general.entity.Note)
2020-09-13 00:59:58.695  INFO 15390 --- [main] s.w.s.m.m.a.RequestMappingHandlerMapping : Mapped "{[/note/manage],methods=[PUT]}" onto public com.simple.general.response.ResponseResult com.simple.general.controller.NoteController.updateNote(com.simple.general.entity.Note)
2020-09-13 00:59:58.695  INFO 15390 --- [main] s.w.s.m.m.a.RequestMappingHandlerMapping : Mapped "{[/note/manage/delete],methods=[PUT]}" onto public com.simple.general.response.ResponseResult com.simple.general.controller.NoteController.deleteNote(com.alibaba.fastjson.JSONObject)
2020-09-13 00:59:58.695  INFO 15390 --- [main] s.w.s.m.m.a.RequestMappingHandlerMapping : Mapped "{[/note/manage/page],methods=[POST]}" onto public com.simple.general.response.ResponseResult com.simple.general.controller.NoteController.pageListNotes(com.simple.general.query.BaseQuery)
2020-09-13 00:59:58.696  INFO 15390 --- [main] s.w.s.m.m.a.RequestMappingHandlerMapping : Mapped "{[/permission/manage],methods=[GET]}" onto public com.simple.general.response.ResponseResult com.simple.general.controller.PermissionController.findAll()
2020-09-13 00:59:58.698  INFO 15390 --- [main] s.w.s.m.m.a.RequestMappingHandlerMapping : Mapped "{[/repository/manage/page],methods=[POST]}" onto public com.simple.general.response.ResponseResult com.simple.general.controller.RepositoryController.pageListRepositories(com.simple.general.query.BaseQuery)
2020-09-13 00:59:58.698  INFO 15390 --- [main] s.w.s.m.m.a.RequestMappingHandlerMapping : Mapped "{[/repository/manage],methods=[POST]}" onto public com.simple.general.response.ResponseResult com.simple.general.controller.RepositoryController.saveRepository(com.simple.general.entity.Repository)
2020-09-13 00:59:58.698  INFO 15390 --- [main] s.w.s.m.m.a.RequestMappingHandlerMapping : Mapped "{[/repository/manage],methods=[PUT]}" onto public com.simple.general.response.ResponseResult com.simple.general.controller.RepositoryController.updateRepository(com.simple.general.entity.Repository)
2020-09-13 00:59:58.698  INFO 15390 --- [main] s.w.s.m.m.a.RequestMappingHandlerMapping : Mapped "{[/repository/manage/delete],methods=[PUT]}" onto public com.simple.general.response.ResponseResult com.simple.general.controller.RepositoryController.deleteRepository(com.alibaba.fastjson.JSONObject)
2020-09-13 00:59:58.700  INFO 15390 --- [main] s.w.s.m.m.a.RequestMappingHandlerMapping : Mapped "{[/role/manage],methods=[POST]}" onto public com.simple.general.response.ResponseResult com.simple.general.controller.RoleController.addRole(com.simple.general.entity.Role)
2020-09-13 00:59:58.700  INFO 15390 --- [main] s.w.s.m.m.a.RequestMappingHandlerMapping : Mapped "{[/role/manage],methods=[PUT]}" onto public com.simple.general.response.ResponseResult com.simple.general.controller.RoleController.updateRole(com.simple.general.entity.Role)
2020-09-13 00:59:58.700  INFO 15390 --- [main] s.w.s.m.m.a.RequestMappingHandlerMapping : Mapped "{[/role/manage/delete],methods=[PUT]}" onto public com.simple.general.response.ResponseResult com.simple.general.controller.RoleController.deleteRole(com.alibaba.fastjson.JSONObject)
2020-09-13 00:59:58.700  INFO 15390 --- [main] s.w.s.m.m.a.RequestMappingHandlerMapping : Mapped "{[/role/manage],methods=[GET]}" onto public com.simple.general.response.ResponseResult com.simple.general.controller.RoleController.findAllRole()
2020-09-13 00:59:58.701  INFO 15390 --- [main] s.w.s.m.m.a.RequestMappingHandlerMapping : Mapped "{[/role/manage/page],methods=[POST]}" onto public com.simple.general.response.ResponseResult com.simple.general.controller.RoleController.pageListUsers(com.simple.general.query.BaseQuery)
2020-09-13 00:59:58.701  INFO 15390 --- [main] s.w.s.m.m.a.RequestMappingHandlerMapping : Mapped "{[/system/user/log],methods=[POST]}" onto public com.simple.general.response.ResponseResult com.simple.general.controller.SystemLogController.pageUserLogList(com.simple.general.query.BaseQuery)
2020-09-13 00:59:58.701  INFO 15390 --- [main] s.w.s.m.m.a.RequestMappingHandlerMapping : Mapped "{[/system/operate/log],methods=[POST]}" onto public com.simple.general.response.ResponseResult com.simple.general.controller.SystemLogController.pageOperateLogList(com.simple.general.query.BaseQuery)
2020-09-13 00:59:58.704  INFO 15390 --- [main] s.w.s.m.m.a.RequestMappingHandlerMapping : Mapped "{[/user/manage/page],methods=[POST]}" onto public com.simple.general.response.ResponseResult com.simple.general.controller.UserController.pageListUsers(com.simple.general.query.BaseQuery)
2020-09-13 00:59:58.705  INFO 15390 --- [main] s.w.s.m.m.a.RequestMappingHandlerMapping : Mapped "{[/user/manage],methods=[POST]}" onto public com.simple.general.response.ResponseResult com.simple.general.controller.UserController.saveUser(com.simple.general.entity.User)
2020-09-13 00:59:58.705  INFO 15390 --- [main] s.w.s.m.m.a.RequestMappingHandlerMapping : Mapped "{[/user/manage],methods=[PUT]}" onto public com.simple.general.response.ResponseResult com.simple.general.controller.UserController.updateUser(com.simple.general.entity.User)
2020-09-13 00:59:58.705  INFO 15390 --- [main] s.w.s.m.m.a.RequestMappingHandlerMapping : Mapped "{[/user/manage/delete],methods=[PUT]}" onto public com.simple.general.response.ResponseResult com.simple.general.controller.UserController.deleteUser(com.alibaba.fastjson.JSONObject)
2020-09-13 00:59:58.705  INFO 15390 --- [main] s.w.s.m.m.a.RequestMappingHandlerMapping : Mapped "{[/user/manage/login],methods=[POST]}" onto public com.simple.general.response.ResponseResult com.simple.general.controller.UserController.login(com.simple.general.entity.User,javax.servlet.http.HttpServletRequest,javax.servlet.http.HttpSession)
2020-09-13 00:59:58.706  INFO 15390 --- [main] s.w.s.m.m.a.RequestMappingHandlerMapping : Mapped "{[/user/logout],methods=[GET]}" onto public com.simple.general.response.ResponseResult com.simple.general.controller.UserController.loginOut(javax.servlet.http.HttpSession,javax.servlet.http.HttpServletRequest)
2020-09-13 00:59:58.708  INFO 15390 --- [main] s.w.s.m.m.a.RequestMappingHandlerMapping : Mapped "{[/error],produces=[text/html]}" onto public org.springframework.web.servlet.ModelAndView org.springframework.boot.autoconfigure.web.BasicErrorController.errorHtml(javax.servlet.http.HttpServletRequest,javax.servlet.http.HttpServletResponse)
2020-09-13 00:59:58.708  INFO 15390 --- [main] s.w.s.m.m.a.RequestMappingHandlerMapping : Mapped "{[/error]}" onto public org.springframework.http.ResponseEntity<java.util.Map<java.lang.String, java.lang.Object>> org.springframework.boot.autoconfigure.web.BasicErrorController.error(javax.servlet.http.HttpServletRequest)
2020-09-13 00:59:58.976  INFO 15390 --- [main] o.s.w.s.handler.SimpleUrlHandlerMapping  : Mapped URL path [/webjars/**] onto handler of type [class org.springframework.web.servlet.resource.ResourceHttpRequestHandler]
2020-09-13 00:59:58.976  INFO 15390 --- [main] o.s.w.s.handler.SimpleUrlHandlerMapping  : Mapped URL path [/**] onto handler of type [class org.springframework.web.servlet.resource.ResourceHttpRequestHandler]
2020-09-13 00:59:59.067  INFO 15390 --- [main] .m.m.a.ExceptionHandlerExceptionResolver : Detected @ExceptionHandler methods in globalException
2020-09-13 00:59:59.163  INFO 15390 --- [main] o.s.w.s.handler.SimpleUrlHandlerMapping  : Mapped URL path [/**/favicon.ico] onto handler of type [class org.springframework.web.servlet.resource.ResourceHttpRequestHandler]
2020-09-13 00:59:59.672  INFO 15390 --- [main] o.s.j.e.a.AnnotationMBeanExporter        : Registering beans for JMX exposure on startup
2020-09-13 00:59:59.713  INFO 15390 --- [main] s.b.c.e.t.TomcatEmbeddedServletContainer : Tomcat started on port(s): 12333 (http)
2020-09-13 00:59:59.742  INFO 15390 --- [main] org.mongodb.driver.connection            : Opened connection [connectionId{localValue:2, serverValue:24}] to 127.0.0.1:27017
2020-09-13 00:59:59.752  INFO 15390 --- [main] c.simple.general.GeneralWebApplication   : Started GeneralWebApplication in 4.715 seconds (JVM running for 5.258)
2020-09-13 01:00:50.789  INFO 15390 --- [Thread-11] ationConfigEmbeddedWebApplicationContext : Closing org.springframework.boot.context.embedded.AnnotationConfigEmbeddedWebApplicationContext@5be49b60: startup date [Sun Sep 13 00:59:55 CST 2020]; root of context hierarchy
2020-09-13 01:00:50.790  INFO 15390 --- [Thread-11] o.s.j.e.a.AnnotationMBeanExporter        : Unregistering JMX-exposed beans on shutdown
2020-09-13 01:00:53.077  INFO 15468 --- [main] c.simple.general.GeneralWebApplication   : Starting GeneralWebApplication on Simples-MacBook-Pro-2.local with PID 15468 (/Users/simple/Documents/general/scc-web/target/classes started by simple in /Users/simple/Documents/general)
2020-09-13 01:00:53.081  INFO 15468 --- [main] c.simple.general.GeneralWebApplication   : The following profiles are active: dev
2020-09-13 01:00:53.166  INFO 15468 --- [main] ationConfigEmbeddedWebApplicationContext : Refreshing org.springframework.boot.context.embedded.AnnotationConfigEmbeddedWebApplicationContext@1603cd68: startup date [Sun Sep 13 01:00:53 CST 2020]; root of context hierarchy
2020-09-13 01:00:53.972  INFO 15468 --- [main] trationDelegate$BeanPostProcessorChecker : Bean 'shiroConfig' of type [com.simple.general.config.ShiroConfig$$EnhancerBySpringCGLIB$$a1c3285] is not eligible for getting processed by all BeanPostProcessors (for example: not eligible for auto-proxying)
2020-09-13 01:00:54.192  INFO 15468 --- [main] org.mongodb.driver.cluster               : Cluster created with settings {hosts=[127.0.0.1:27017], mode=SINGLE, requiredClusterType=UNKNOWN, serverSelectionTimeout='30000 ms', maxWaitQueueSize=500}
2020-09-13 01:00:54.221  INFO 15468 --- [main] trationDelegate$BeanPostProcessorChecker : Bean 'userDao' of type [com.simple.general.dao.impl.UserDaoImpl] is not eligible for getting processed by all BeanPostProcessors (for example: not eligible for auto-proxying)
2020-09-13 01:00:54.225  INFO 15468 --- [main] trationDelegate$BeanPostProcessorChecker : Bean 'roleDao' of type [com.simple.general.dao.impl.RoleDaoImpl] is not eligible for getting processed by all BeanPostProcessors (for example: not eligible for auto-proxying)
2020-09-13 01:00:54.228  INFO 15468 --- [main] trationDelegate$BeanPostProcessorChecker : Bean 'permissionDao' of type [com.simple.general.dao.impl.PermissionDaoImpl] is not eligible for getting processed by all BeanPostProcessors (for example: not eligible for auto-proxying)
2020-09-13 01:00:54.231  INFO 15468 --- [main] trationDelegate$BeanPostProcessorChecker : Bean 'userService' of type [com.simple.general.service.impl.UserServiceImpl] is not eligible for getting processed by all BeanPostProcessors (for example: not eligible for auto-proxying)
2020-09-13 01:00:54.232  INFO 15468 --- [cluster-ClusterId{value='5f5cfec67477661a6284b562', description='null'}-127.0.0.1:27017] org.mongodb.driver.connection            : Opened connection [connectionId{localValue:1, serverValue:25}] to 127.0.0.1:27017
2020-09-13 01:00:54.234  INFO 15468 --- [main] trationDelegate$BeanPostProcessorChecker : Bean 'roleService' of type [com.simple.general.service.impl.RoleServiceImpl] is not eligible for getting processed by all BeanPostProcessors (for example: not eligible for auto-proxying)
2020-09-13 01:00:54.235  INFO 15468 --- [cluster-ClusterId{value='5f5cfec67477661a6284b562', description='null'}-127.0.0.1:27017] org.mongodb.driver.cluster               : Monitor thread successfully connected to server with description ServerDescription{address=127.0.0.1:27017, type=STANDALONE, state=CONNECTED, ok=true, version=ServerVersion{versionList=[4, 2, 3]}, minWireVersion=0, maxWireVersion=8, maxDocumentSize=16777216, logicalSessionTimeoutMinutes=30, roundTripTimeNanos=2128833}
2020-09-13 01:00:54.238  INFO 15468 --- [main] trationDelegate$BeanPostProcessorChecker : Bean 'permissionService' of type [com.simple.general.service.impl.PermissionServiceImpl] is not eligible for getting processed by all BeanPostProcessors (for example: not eligible for auto-proxying)
2020-09-13 01:00:54.238  INFO 15468 --- [main] trationDelegate$BeanPostProcessorChecker : Bean 'myShiroRealm' of type [com.simple.general.shiro.CustomRealm] is not eligible for getting processed by all BeanPostProcessors (for example: not eligible for auto-proxying)
2020-09-13 01:00:54.250  INFO 15468 --- [main] trationDelegate$BeanPostProcessorChecker : Bean 'securityManager' of type [org.apache.shiro.web.mgt.DefaultWebSecurityManager] is not eligible for getting processed by all BeanPostProcessors (for example: not eligible for auto-proxying)
2020-09-13 01:00:54.299  INFO 15468 --- [main] trationDelegate$BeanPostProcessorChecker : Bean 'authorizationAttributeSourceAdvisor' of type [org.apache.shiro.spring.security.interceptor.AuthorizationAttributeSourceAdvisor] is not eligible for getting processed by all BeanPostProcessors (for example: not eligible for auto-proxying)
2020-09-13 01:00:54.859  INFO 15468 --- [main] s.b.c.e.t.TomcatEmbeddedServletContainer : Tomcat initialized with port(s): 12333 (http)
2020-09-13 01:00:54.865  INFO 15468 --- [main] o.apache.catalina.core.StandardService   : Starting service [Tomcat]
2020-09-13 01:00:54.865  INFO 15468 --- [main] org.apache.catalina.core.StandardEngine  : Starting Servlet Engine: Apache Tomcat/8.5.27
2020-09-13 01:00:54.918  INFO 15468 --- [localhost-startStop-1] o.a.c.c.C.[.[.[/cloud/resource]          : Initializing Spring embedded WebApplicationContext
2020-09-13 01:00:54.918  INFO 15468 --- [localhost-startStop-1] o.s.web.context.ContextLoader            : Root WebApplicationContext: initialization completed in 1757 ms
2020-09-13 01:00:55.307  INFO 15468 --- [localhost-startStop-1] o.s.b.w.servlet.ServletRegistrationBean  : Mapping servlet: 'dispatcherServlet' to [/]
2020-09-13 01:00:55.310  INFO 15468 --- [localhost-startStop-1] o.s.b.w.servlet.FilterRegistrationBean   : Mapping filter: 'characterEncodingFilter' to: [/*]
2020-09-13 01:00:55.311  INFO 15468 --- [localhost-startStop-1] o.s.b.w.servlet.FilterRegistrationBean   : Mapping filter: 'hiddenHttpMethodFilter' to: [/*]
2020-09-13 01:00:55.311  INFO 15468 --- [localhost-startStop-1] o.s.b.w.servlet.FilterRegistrationBean   : Mapping filter: 'httpPutFormContentFilter' to: [/*]
2020-09-13 01:00:55.311  INFO 15468 --- [localhost-startStop-1] o.s.b.w.servlet.FilterRegistrationBean   : Mapping filter: 'requestContextFilter' to: [/*]
2020-09-13 01:00:55.311  INFO 15468 --- [localhost-startStop-1] o.s.b.w.servlet.FilterRegistrationBean   : Mapping filter: 'shiroFilterFactoryBean' to: [/*]
2020-09-13 01:00:56.609  INFO 15468 --- [main] s.w.s.m.m.a.RequestMappingHandlerAdapter : Looking for @ControllerAdvice: org.springframework.boot.context.embedded.AnnotationConfigEmbeddedWebApplicationContext@1603cd68: startup date [Sun Sep 13 01:00:53 CST 2020]; root of context hierarchy
2020-09-13 01:00:56.763  INFO 15468 --- [main] s.w.s.m.m.a.RequestMappingHandlerMapping : Mapped "{[/camera/manage],methods=[POST]}" onto public com.simple.general.response.ResponseResult com.simple.general.controller.CameraController.saveCamera(com.simple.general.entity.Camera)
2020-09-13 01:00:56.764  INFO 15468 --- [main] s.w.s.m.m.a.RequestMappingHandlerMapping : Mapped "{[/camera/manage],methods=[PUT]}" onto public com.simple.general.response.ResponseResult com.simple.general.controller.CameraController.updateCamera(com.simple.general.entity.Camera)
2020-09-13 01:00:56.764  INFO 15468 --- [main] s.w.s.m.m.a.RequestMappingHandlerMapping : Mapped "{[/camera/manage/delete],methods=[PUT]}" onto public com.simple.general.response.ResponseResult com.simple.general.controller.CameraController.deleteCamera(com.alibaba.fastjson.JSONObject)
2020-09-13 01:00:56.764  INFO 15468 --- [main] s.w.s.m.m.a.RequestMappingHandlerMapping : Mapped "{[/camera/manage/page],methods=[POST]}" onto public com.simple.general.response.ResponseResult com.simple.general.controller.CameraController.pageListCameras(com.simple.general.query.BaseQuery)
2020-09-13 01:00:56.765  INFO 15468 --- [main] s.w.s.m.m.a.RequestMappingHandlerMapping : Mapped "{[/equipment/manage],methods=[POST]}" onto public com.simple.general.response.ResponseResult com.simple.general.controller.EquipmentController.saveEquipment(com.simple.general.entity.Equipment)
2020-09-13 01:00:56.766  INFO 15468 --- [main] s.w.s.m.m.a.RequestMappingHandlerMapping : Mapped "{[/equipment/manage],methods=[PUT]}" onto public com.simple.general.response.ResponseResult com.simple.general.controller.EquipmentController.updateEquipment(com.simple.general.entity.Equipment)
2020-09-13 01:00:56.766  INFO 15468 --- [main] s.w.s.m.m.a.RequestMappingHandlerMapping : Mapped "{[/equipment/manage/delete],methods=[PUT]}" onto public com.simple.general.response.ResponseResult com.simple.general.controller.EquipmentController.deleteEquipment(com.alibaba.fastjson.JSONObject)
2020-09-13 01:00:56.766  INFO 15468 --- [main] s.w.s.m.m.a.RequestMappingHandlerMapping : Mapped "{[/equipment/manage/page],methods=[POST]}" onto public com.simple.general.response.ResponseResult com.simple.general.controller.EquipmentController.pageListEquipments(com.simple.general.query.BaseQuery)
2020-09-13 01:00:56.767  INFO 15468 --- [main] s.w.s.m.m.a.RequestMappingHandlerMapping : Mapped "{[/image/manage],methods=[POST]}" onto public com.simple.general.response.ResponseResult com.simple.general.controller.ImageInfoController.saveImageInfo(com.simple.general.entity.ImageInfo)
2020-09-13 01:00:56.767  INFO 15468 --- [main] s.w.s.m.m.a.RequestMappingHandlerMapping : Mapped "{[/image/manage],methods=[PUT]}" onto public com.simple.general.response.ResponseResult com.simple.general.controller.ImageInfoController.updateImageInfo(com.simple.general.entity.ImageInfo)
2020-09-13 01:00:56.767  INFO 15468 --- [main] s.w.s.m.m.a.RequestMappingHandlerMapping : Mapped "{[/image/manage/delete],methods=[PUT]}" onto public com.simple.general.response.ResponseResult com.simple.general.controller.ImageInfoController.deleteImageInfo(com.simple.general.query.ImageQuery)
2020-09-13 01:00:56.768  INFO 15468 --- [main] s.w.s.m.m.a.RequestMappingHandlerMapping : Mapped "{[/image/manage/page],methods=[POST]}" onto public com.simple.general.response.ResponseResult com.simple.general.controller.ImageInfoController.pageListRepositories(com.simple.general.query.ImageQuery)
2020-09-13 01:00:56.769  INFO 15468 --- [main] s.w.s.m.m.a.RequestMappingHandlerMapping : Mapped "{[/note/manage],methods=[POST]}" onto public com.simple.general.response.ResponseResult com.simple.general.controller.NoteController.saveNote(com.simple.general.entity.Note)
2020-09-13 01:00:56.769  INFO 15468 --- [main] s.w.s.m.m.a.RequestMappingHandlerMapping : Mapped "{[/note/manage],methods=[PUT]}" onto public com.simple.general.response.ResponseResult com.simple.general.controller.NoteController.updateNote(com.simple.general.entity.Note)
2020-09-13 01:00:56.769  INFO 15468 --- [main] s.w.s.m.m.a.RequestMappingHandlerMapping : Mapped "{[/note/manage/delete],methods=[PUT]}" onto public com.simple.general.response.ResponseResult com.simple.general.controller.NoteController.deleteNote(com.alibaba.fastjson.JSONObject)
2020-09-13 01:00:56.769  INFO 15468 --- [main] s.w.s.m.m.a.RequestMappingHandlerMapping : Mapped "{[/note/manage/page],methods=[POST]}" onto public com.simple.general.response.ResponseResult com.simple.general.controller.NoteController.pageListNotes(com.simple.general.query.BaseQuery)
2020-09-13 01:00:56.770  INFO 15468 --- [main] s.w.s.m.m.a.RequestMappingHandlerMapping : Mapped "{[/permission/manage],methods=[GET]}" onto public com.simple.general.response.ResponseResult com.simple.general.controller.PermissionController.findAll()
2020-09-13 01:00:56.771  INFO 15468 --- [main] s.w.s.m.m.a.RequestMappingHandlerMapping : Mapped "{[/repository/manage/page],methods=[POST]}" onto public com.simple.general.response.ResponseResult com.simple.general.controller.RepositoryController.pageListRepositories(com.simple.general.query.BaseQuery)
2020-09-13 01:00:56.771  INFO 15468 --- [main] s.w.s.m.m.a.RequestMappingHandlerMapping : Mapped "{[/repository/manage],methods=[POST]}" onto public com.simple.general.response.ResponseResult com.simple.general.controller.RepositoryController.saveRepository(com.simple.general.entity.Repository)
2020-09-13 01:00:56.772  INFO 15468 --- [main] s.w.s.m.m.a.RequestMappingHandlerMapping : Mapped "{[/repository/manage],methods=[PUT]}" onto public com.simple.general.response.ResponseResult com.simple.general.controller.RepositoryController.updateRepository(com.simple.general.entity.Repository)
2020-09-13 01:00:56.772  INFO 15468 --- [main] s.w.s.m.m.a.RequestMappingHandlerMapping : Mapped "{[/repository/manage/delete],methods=[PUT]}" onto public com.simple.general.response.ResponseResult com.simple.general.controller.RepositoryController.deleteRepository(com.alibaba.fastjson.JSONObject)
2020-09-13 01:00:56.773  INFO 15468 --- [main] s.w.s.m.m.a.RequestMappingHandlerMapping : Mapped "{[/role/manage],methods=[POST]}" onto public com.simple.general.response.ResponseResult com.simple.general.controller.RoleController.addRole(com.simple.general.entity.Role)
2020-09-13 01:00:56.773  INFO 15468 --- [main] s.w.s.m.m.a.RequestMappingHandlerMapping : Mapped "{[/role/manage],methods=[PUT]}" onto public com.simple.general.response.ResponseResult com.simple.general.controller.RoleController.updateRole(com.simple.general.entity.Role)
2020-09-13 01:00:56.773  INFO 15468 --- [main] s.w.s.m.m.a.RequestMappingHandlerMapping : Mapped "{[/role/manage/delete],methods=[PUT]}" onto public com.simple.general.response.ResponseResult com.simple.general.controller.RoleController.deleteRole(com.alibaba.fastjson.JSONObject)
2020-09-13 01:00:56.773  INFO 15468 --- [main] s.w.s.m.m.a.RequestMappingHandlerMapping : Mapped "{[/role/manage],methods=[GET]}" onto public com.simple.general.response.ResponseResult com.simple.general.controller.RoleController.findAllRole()
2020-09-13 01:00:56.773  INFO 15468 --- [main] s.w.s.m.m.a.RequestMappingHandlerMapping : Mapped "{[/role/manage/page],methods=[POST]}" onto public com.simple.general.response.ResponseResult com.simple.general.controller.RoleController.pageListUsers(com.simple.general.query.BaseQuery)
2020-09-13 01:00:56.774  INFO 15468 --- [main] s.w.s.m.m.a.RequestMappingHandlerMapping : Mapped "{[/system/user/log],methods=[POST]}" onto public com.simple.general.response.ResponseResult com.simple.general.controller.SystemLogController.pageUserLogList(com.simple.general.query.BaseQuery)
2020-09-13 01:00:56.774  INFO 15468 --- [main] s.w.s.m.m.a.RequestMappingHandlerMapping : Mapped "{[/system/operate/log],methods=[POST]}" onto public com.simple.general.response.ResponseResult com.simple.general.controller.SystemLogController.pageOperateLogList(com.simple.general.query.BaseQuery)
2020-09-13 01:00:56.777  INFO 15468 --- [main] s.w.s.m.m.a.RequestMappingHandlerMapping : Mapped "{[/user/manage/login],methods=[POST]}" onto public com.simple.general.response.ResponseResult com.simple.general.controller.UserController.login(com.simple.general.entity.User,javax.servlet.http.HttpServletRequest,javax.servlet.http.HttpSession)
2020-09-13 01:00:56.777  INFO 15468 --- [main] s.w.s.m.m.a.RequestMappingHandlerMapping : Mapped "{[/user/logout],methods=[GET]}" onto public com.simple.general.response.ResponseResult com.simple.general.controller.UserController.loginOut(javax.servlet.http.HttpSession,javax.servlet.http.HttpServletRequest)
2020-09-13 01:00:56.777  INFO 15468 --- [main] s.w.s.m.m.a.RequestMappingHandlerMapping : Mapped "{[/user/manage/page],methods=[POST]}" onto public com.simple.general.response.ResponseResult com.simple.general.controller.UserController.pageListUsers(com.simple.general.query.BaseQuery)
2020-09-13 01:00:56.777  INFO 15468 --- [main] s.w.s.m.m.a.RequestMappingHandlerMapping : Mapped "{[/user/manage],methods=[POST]}" onto public com.simple.general.response.ResponseResult com.simple.general.controller.UserController.saveUser(com.simple.general.entity.User)
2020-09-13 01:00:56.777  INFO 15468 --- [main] s.w.s.m.m.a.RequestMappingHandlerMapping : Mapped "{[/user/manage],methods=[PUT]}" onto public com.simple.general.response.ResponseResult com.simple.general.controller.UserController.updateUser(com.simple.general.entity.User)
2020-09-13 01:00:56.778  INFO 15468 --- [main] s.w.s.m.m.a.RequestMappingHandlerMapping : Mapped "{[/user/manage/delete],methods=[PUT]}" onto public com.simple.general.response.ResponseResult com.simple.general.controller.UserController.deleteUser(com.alibaba.fastjson.JSONObject)
2020-09-13 01:00:56.779  INFO 15468 --- [main] s.w.s.m.m.a.RequestMappingHandlerMapping : Mapped "{[/error],produces=[text/html]}" onto public org.springframework.web.servlet.ModelAndView org.springframework.boot.autoconfigure.web.BasicErrorController.errorHtml(javax.servlet.http.HttpServletRequest,javax.servlet.http.HttpServletResponse)
2020-09-13 01:00:56.779  INFO 15468 --- [main] s.w.s.m.m.a.RequestMappingHandlerMapping : Mapped "{[/error]}" onto public org.springframework.http.ResponseEntity<java.util.Map<java.lang.String, java.lang.Object>> org.springframework.boot.autoconfigure.web.BasicErrorController.error(javax.servlet.http.HttpServletRequest)
2020-09-13 01:00:57.040  INFO 15468 --- [main] o.s.w.s.handler.SimpleUrlHandlerMapping  : Mapped URL path [/webjars/**] onto handler of type [class org.springframework.web.servlet.resource.ResourceHttpRequestHandler]
2020-09-13 01:00:57.041  INFO 15468 --- [main] o.s.w.s.handler.SimpleUrlHandlerMapping  : Mapped URL path [/**] onto handler of type [class org.springframework.web.servlet.resource.ResourceHttpRequestHandler]
2020-09-13 01:00:57.130  INFO 15468 --- [main] .m.m.a.ExceptionHandlerExceptionResolver : Detected @ExceptionHandler methods in globalException
2020-09-13 01:00:57.226  INFO 15468 --- [main] o.s.w.s.handler.SimpleUrlHandlerMapping  : Mapped URL path [/**/favicon.ico] onto handler of type [class org.springframework.web.servlet.resource.ResourceHttpRequestHandler]
2020-09-13 01:00:57.738  INFO 15468 --- [main] o.s.j.e.a.AnnotationMBeanExporter        : Registering beans for JMX exposure on startup
2020-09-13 01:00:57.781  INFO 15468 --- [main] s.b.c.e.t.TomcatEmbeddedServletContainer : Tomcat started on port(s): 12333 (http)
2020-09-13 01:00:57.810  INFO 15468 --- [main] org.mongodb.driver.connection            : Opened connection [connectionId{localValue:2, serverValue:26}] to 127.0.0.1:27017
2020-09-13 01:00:57.819  INFO 15468 --- [main] c.simple.general.GeneralWebApplication   : Started GeneralWebApplication in 5.082 seconds (JVM running for 5.679)
2020-09-13 02:48:17.540  INFO 15468 --- [Thread-12] ationConfigEmbeddedWebApplicationContext : Closing org.springframework.boot.context.embedded.AnnotationConfigEmbeddedWebApplicationContext@1603cd68: startup date [Sun Sep 13 01:00:53 CST 2020]; root of context hierarchy
2020-09-13 02:48:17.543  INFO 15468 --- [Thread-12] o.s.j.e.a.AnnotationMBeanExporter        : Unregistering JMX-exposed beans on shutdown
